<?xml version="1.0" encoding="UTF-8"?>
<!-- Generated by org.testng.reporters.JUnitReportReporter -->
<testsuite hostname="Digvijay-SDET-Engg.local" failures="0" tests="1" name="com.qa.nop.ecomerce.testcases.DashBoardPageTest" time="22.558" errors="0" timestamp="2023-02-20T11:17:38 IST" skipped="0">
  <testcase classname="com.qa.nop.ecomerce.testcases.DashBoardPageTest" name="nop_ecomerce_dashboard_tc001" time="22.558"/>
  <system-out/>
</testsuite> <!-- com.qa.nop.ecomerce.testcases.DashBoardPageTest -->
