<?xml version="1.0" encoding="UTF-8"?>
<!-- Generated by org.testng.reporters.JUnitReportReporter -->
<testsuite hostname="Digvijay-SDET-Engg.local" failures="0" tests="1" name="com.qa.nop.ecomerce.testcases.ProductPageTest" time="77.939" errors="0" timestamp="2023-02-20T22:50:23 IST" skipped="0">
  <testcase classname="com.qa.nop.ecomerce.testcases.ProductPageTest" name="nop_ecomerce_products_tc005" time="77.939"/>
  <system-out/>
</testsuite> <!-- com.qa.nop.ecomerce.testcases.ProductPageTest -->
