<?xml version="1.0" encoding="UTF-8"?>
<!-- Generated by org.testng.reporters.JUnitReportReporter -->
<testsuite hostname="Digvijay-SDET-Engg.local" failures="0" tests="1" name="com.qa.nop.ecomerce.testcases.DashBoardPageTest" time="3.955" errors="0" timestamp="19 Feb 2023 09:45:34 GMT" skipped="0">
  <testcase classname="com.qa.nop.ecomerce.testcases.DashBoardPageTest" name="nop_ecomerce_dashboard_tc001" time="3.955"/>
</testsuite> <!-- com.qa.nop.ecomerce.testcases.DashBoardPageTest -->
